f:\uni\senior1\spring2016\pt\new folder\pt-project-mod\pt project mod\project code framework\debug\graphics_prj.bsc
f:\uni\senior1\spring2016\pt\new folder\pt-project-mod\pt project mod\project code framework\debug\vc140.pdb
f:\uni\senior1\spring2016\pt\new folder\pt-project-mod\pt project mod\project code framework\debug\vc140.idb
f:\uni\senior1\spring2016\pt\new folder\pt-project-mod\pt project mod\project code framework\debug\save.sbr
f:\uni\senior1\spring2016\pt\new folder\pt-project-mod\pt project mod\project code framework\debug\main.sbr
f:\uni\senior1\spring2016\pt\new folder\pt-project-mod\pt project mod\project code framework\debug\output.sbr
f:\uni\senior1\spring2016\pt\new folder\pt-project-mod\pt project mod\project code framework\debug\input.sbr
f:\uni\senior1\spring2016\pt\new folder\pt-project-mod\pt project mod\project code framework\debug\connectaction.sbr
f:\uni\senior1\spring2016\pt\new folder\pt-project-mod\pt project mod\project code framework\debug\applicationmanager.sbr
f:\uni\senior1\spring2016\pt\new folder\pt-project-mod\pt project mod\project code framework\debug\pin.sbr
f:\uni\senior1\spring2016\pt\new folder\pt-project-mod\pt project mod\project code framework\debug\outputpin.sbr
f:\uni\senior1\spring2016\pt\new folder\pt-project-mod\pt project mod\project code framework\debug\inputpin.sbr
f:\uni\senior1\spring2016\pt\new folder\pt-project-mod\pt project mod\project code framework\debug\gate.sbr
f:\uni\senior1\spring2016\pt\new folder\pt-project-mod\pt project mod\project code framework\debug\connection.sbr
f:\uni\senior1\spring2016\pt\new folder\pt-project-mod\pt project mod\project code framework\debug\component.sbr
f:\uni\senior1\spring2016\pt\new folder\pt-project-mod\pt project mod\project code framework\debug\and2.sbr
f:\uni\senior1\spring2016\pt\new folder\pt-project-mod\pt project mod\project code framework\debug\windowinput.sbr
f:\uni\senior1\spring2016\pt\new folder\pt-project-mod\pt project mod\project code framework\debug\mousequeue.sbr
f:\uni\senior1\spring2016\pt\new folder\pt-project-mod\pt project mod\project code framework\debug\keyqueue.sbr
f:\uni\senior1\spring2016\pt\new folder\pt-project-mod\pt project mod\project code framework\debug\image.sbr
f:\uni\senior1\spring2016\pt\new folder\pt-project-mod\pt project mod\project code framework\debug\cmugraphics.sbr
f:\uni\senior1\spring2016\pt\new folder\pt-project-mod\pt project mod\project code framework\debug\auxil.sbr
f:\uni\senior1\spring2016\pt\new folder\pt-project-mod\pt project mod\project code framework\debug\addandgate2.sbr
f:\uni\senior1\spring2016\pt\new folder\pt-project-mod\pt project mod\project code framework\debug\auxil.obj
f:\uni\senior1\spring2016\pt\new folder\pt-project-mod\pt project mod\project code framework\debug\cmugraphics.obj
f:\uni\senior1\spring2016\pt\new folder\pt-project-mod\pt project mod\project code framework\debug\image.obj
f:\uni\senior1\spring2016\pt\new folder\pt-project-mod\pt project mod\project code framework\debug\keyqueue.obj
f:\uni\senior1\spring2016\pt\new folder\pt-project-mod\pt project mod\project code framework\debug\mousequeue.obj
f:\uni\senior1\spring2016\pt\new folder\pt-project-mod\pt project mod\project code framework\debug\windowinput.obj
f:\uni\senior1\spring2016\pt\new folder\pt-project-mod\pt project mod\project code framework\debug\and2.obj
f:\uni\senior1\spring2016\pt\new folder\pt-project-mod\pt project mod\project code framework\debug\component.obj
f:\uni\senior1\spring2016\pt\new folder\pt-project-mod\pt project mod\project code framework\debug\connection.obj
f:\uni\senior1\spring2016\pt\new folder\pt-project-mod\pt project mod\project code framework\debug\gate.obj
f:\uni\senior1\spring2016\pt\new folder\pt-project-mod\pt project mod\project code framework\debug\inputpin.obj
f:\uni\senior1\spring2016\pt\new folder\pt-project-mod\pt project mod\project code framework\debug\outputpin.obj
f:\uni\senior1\spring2016\pt\new folder\pt-project-mod\pt project mod\project code framework\debug\pin.obj
f:\uni\senior1\spring2016\pt\new folder\pt-project-mod\pt project mod\project code framework\debug\applicationmanager.obj
f:\uni\senior1\spring2016\pt\new folder\pt-project-mod\pt project mod\project code framework\debug\connectaction.obj
f:\uni\senior1\spring2016\pt\new folder\pt-project-mod\pt project mod\project code framework\debug\input.obj
f:\uni\senior1\spring2016\pt\new folder\pt-project-mod\pt project mod\project code framework\debug\output.obj
f:\uni\senior1\spring2016\pt\new folder\pt-project-mod\pt project mod\project code framework\debug\main.obj
f:\uni\senior1\spring2016\pt\new folder\pt-project-mod\pt project mod\project code framework\debug\save.obj
f:\uni\senior1\spring2016\pt\new folder\pt-project-mod\pt project mod\project code framework\debug\addandgate2.obj
f:\uni\senior1\spring2016\pt\new folder\pt-project-mod\pt project mod\project code framework\debug\jutils.sbr
f:\uni\senior1\spring2016\pt\new folder\pt-project-mod\pt project mod\project code framework\debug\jquant2.sbr
f:\uni\senior1\spring2016\pt\new folder\pt-project-mod\pt project mod\project code framework\debug\jquant1.sbr
f:\uni\senior1\spring2016\pt\new folder\pt-project-mod\pt project mod\project code framework\debug\jmemnobs.sbr
f:\uni\senior1\spring2016\pt\new folder\pt-project-mod\pt project mod\project code framework\debug\jmemmgr.sbr
f:\uni\senior1\spring2016\pt\new folder\pt-project-mod\pt project mod\project code framework\debug\jidctred.sbr
f:\uni\senior1\spring2016\pt\new folder\pt-project-mod\pt project mod\project code framework\debug\jidctint.sbr
f:\uni\senior1\spring2016\pt\new folder\pt-project-mod\pt project mod\project code framework\debug\jidctfst.sbr
f:\uni\senior1\spring2016\pt\new folder\pt-project-mod\pt project mod\project code framework\debug\jidctflt.sbr
f:\uni\senior1\spring2016\pt\new folder\pt-project-mod\pt project mod\project code framework\debug\jerror.sbr
f:\uni\senior1\spring2016\pt\new folder\pt-project-mod\pt project mod\project code framework\debug\jdtrans.sbr
f:\uni\senior1\spring2016\pt\new folder\pt-project-mod\pt project mod\project code framework\debug\jdsample.sbr
f:\uni\senior1\spring2016\pt\new folder\pt-project-mod\pt project mod\project code framework\debug\jdpostct.sbr
f:\uni\senior1\spring2016\pt\new folder\pt-project-mod\pt project mod\project code framework\debug\jdphuff.sbr
f:\uni\senior1\spring2016\pt\new folder\pt-project-mod\pt project mod\project code framework\debug\jdmerge.sbr
f:\uni\senior1\spring2016\pt\new folder\pt-project-mod\pt project mod\project code framework\debug\jdmaster.sbr
f:\uni\senior1\spring2016\pt\new folder\pt-project-mod\pt project mod\project code framework\debug\jdmarker.sbr
f:\uni\senior1\spring2016\pt\new folder\pt-project-mod\pt project mod\project code framework\debug\jdmainct.sbr
f:\uni\senior1\spring2016\pt\new folder\pt-project-mod\pt project mod\project code framework\debug\jdinput.sbr
f:\uni\senior1\spring2016\pt\new folder\pt-project-mod\pt project mod\project code framework\debug\jdhuff.sbr
f:\uni\senior1\spring2016\pt\new folder\pt-project-mod\pt project mod\project code framework\debug\jdhuff.obj
f:\uni\senior1\spring2016\pt\new folder\pt-project-mod\pt project mod\project code framework\debug\jdinput.obj
f:\uni\senior1\spring2016\pt\new folder\pt-project-mod\pt project mod\project code framework\debug\jdmainct.obj
f:\uni\senior1\spring2016\pt\new folder\pt-project-mod\pt project mod\project code framework\debug\jdmarker.obj
f:\uni\senior1\spring2016\pt\new folder\pt-project-mod\pt project mod\project code framework\debug\jdmaster.obj
f:\uni\senior1\spring2016\pt\new folder\pt-project-mod\pt project mod\project code framework\debug\jdmerge.obj
f:\uni\senior1\spring2016\pt\new folder\pt-project-mod\pt project mod\project code framework\debug\jdphuff.obj
f:\uni\senior1\spring2016\pt\new folder\pt-project-mod\pt project mod\project code framework\debug\jdpostct.obj
f:\uni\senior1\spring2016\pt\new folder\pt-project-mod\pt project mod\project code framework\debug\jdsample.obj
f:\uni\senior1\spring2016\pt\new folder\pt-project-mod\pt project mod\project code framework\debug\jdtrans.obj
f:\uni\senior1\spring2016\pt\new folder\pt-project-mod\pt project mod\project code framework\debug\jerror.obj
f:\uni\senior1\spring2016\pt\new folder\pt-project-mod\pt project mod\project code framework\debug\jidctflt.obj
f:\uni\senior1\spring2016\pt\new folder\pt-project-mod\pt project mod\project code framework\debug\jidctfst.obj
f:\uni\senior1\spring2016\pt\new folder\pt-project-mod\pt project mod\project code framework\debug\jidctint.obj
f:\uni\senior1\spring2016\pt\new folder\pt-project-mod\pt project mod\project code framework\debug\jidctred.obj
f:\uni\senior1\spring2016\pt\new folder\pt-project-mod\pt project mod\project code framework\debug\jmemmgr.obj
f:\uni\senior1\spring2016\pt\new folder\pt-project-mod\pt project mod\project code framework\debug\jmemnobs.obj
f:\uni\senior1\spring2016\pt\new folder\pt-project-mod\pt project mod\project code framework\debug\jquant1.obj
f:\uni\senior1\spring2016\pt\new folder\pt-project-mod\pt project mod\project code framework\debug\jquant2.obj
f:\uni\senior1\spring2016\pt\new folder\pt-project-mod\pt project mod\project code framework\debug\jutils.obj
f:\uni\senior1\spring2016\pt\new folder\pt-project-mod\pt project mod\project code framework\debug\jddctmgr.sbr
f:\uni\senior1\spring2016\pt\new folder\pt-project-mod\pt project mod\project code framework\debug\jdcolor.sbr
f:\uni\senior1\spring2016\pt\new folder\pt-project-mod\pt project mod\project code framework\debug\jdcoefct.sbr
f:\uni\senior1\spring2016\pt\new folder\pt-project-mod\pt project mod\project code framework\debug\jdatasrc.sbr
f:\uni\senior1\spring2016\pt\new folder\pt-project-mod\pt project mod\project code framework\debug\jdapistd.sbr
f:\uni\senior1\spring2016\pt\new folder\pt-project-mod\pt project mod\project code framework\debug\jdapimin.sbr
f:\uni\senior1\spring2016\pt\new folder\pt-project-mod\pt project mod\project code framework\debug\jcparam.sbr
f:\uni\senior1\spring2016\pt\new folder\pt-project-mod\pt project mod\project code framework\debug\jcomapi.sbr
f:\uni\senior1\spring2016\pt\new folder\pt-project-mod\pt project mod\project code framework\debug\jpegload.sbr
f:\uni\senior1\spring2016\pt\new folder\pt-project-mod\pt project mod\project code framework\debug\jpegload.obj
f:\uni\senior1\spring2016\pt\new folder\pt-project-mod\pt project mod\project code framework\debug\jcomapi.obj
f:\uni\senior1\spring2016\pt\new folder\pt-project-mod\pt project mod\project code framework\debug\jcparam.obj
f:\uni\senior1\spring2016\pt\new folder\pt-project-mod\pt project mod\project code framework\debug\jdapimin.obj
f:\uni\senior1\spring2016\pt\new folder\pt-project-mod\pt project mod\project code framework\debug\jdapistd.obj
f:\uni\senior1\spring2016\pt\new folder\pt-project-mod\pt project mod\project code framework\debug\jdatasrc.obj
f:\uni\senior1\spring2016\pt\new folder\pt-project-mod\pt project mod\project code framework\debug\jdcoefct.obj
f:\uni\senior1\spring2016\pt\new folder\pt-project-mod\pt project mod\project code framework\debug\jdcolor.obj
f:\uni\senior1\spring2016\pt\new folder\pt-project-mod\pt project mod\project code framework\debug\jddctmgr.obj
f:\uni\senior1\spring2016\pt\new folder\pt-project-mod\pt project mod\project code framework\debug\graphics_prj.ilk
f:\uni\senior1\spring2016\pt\new folder\pt-project-mod\pt project mod\project code framework\debug\graphics_prj.exe
f:\uni\senior1\spring2016\pt\new folder\pt-project-mod\pt project mod\project code framework\debug\graphics_prj.pdb
f:\uni\senior1\spring2016\pt\new folder\pt-project-mod\pt project mod\project code framework\.\debug\graphics_prj.exe
f:\uni\senior1\spring2016\pt\new folder\pt-project-mod\pt project mod\project code framework\debug\graphics_prj.tlog\bscmake.command.1.tlog
f:\uni\senior1\spring2016\pt\new folder\pt-project-mod\pt project mod\project code framework\debug\graphics_prj.tlog\bscmake.read.1.tlog
f:\uni\senior1\spring2016\pt\new folder\pt-project-mod\pt project mod\project code framework\debug\graphics_prj.tlog\bscmake.write.1.tlog
f:\uni\senior1\spring2016\pt\new folder\pt-project-mod\pt project mod\project code framework\debug\graphics_prj.tlog\cl.command.1.tlog
f:\uni\senior1\spring2016\pt\new folder\pt-project-mod\pt project mod\project code framework\debug\graphics_prj.tlog\cl.read.1.tlog
f:\uni\senior1\spring2016\pt\new folder\pt-project-mod\pt project mod\project code framework\debug\graphics_prj.tlog\cl.write.1.tlog
f:\uni\senior1\spring2016\pt\new folder\pt-project-mod\pt project mod\project code framework\debug\graphics_prj.tlog\link.command.1.tlog
f:\uni\senior1\spring2016\pt\new folder\pt-project-mod\pt project mod\project code framework\debug\graphics_prj.tlog\link.read.1.tlog
f:\uni\senior1\spring2016\pt\new folder\pt-project-mod\pt project mod\project code framework\debug\graphics_prj.tlog\link.write.1.tlog
